libCairo/src/cairo-analysis-surface.c
libCairo/src/cairo-arc.c
libCairo/src/cairo-array.c
libCairo/src/cairo-atsui-font.c
libCairo/src/cairo-base85-stream.c
libCairo/src/cairo-bentley-ottmann.c
libCairo/src/cairo-cache.c
libCairo/src/cairo-cff-subset.c
libCairo/src/cairo-clip.c
libCairo/src/cairo-color.c
libCairo/src/cairo-debug.c
libCairo/src/cairo-deflate-stream.c
libCairo/src/cairo-directfb-surface.c
libCairo/src/cairo-fixed.c
libCairo/src/cairo-font-face.c
libCairo/src/cairo-font-options.c
libCairo/src/cairo-freelist.c
libCairo/src/cairo-ft-font.c
libCairo/src/cairo-glitz-surface.c
libCairo/src/cairo-gstate.c
libCairo/src/cairo-hash.c
libCairo/src/cairo-hull.c
libCairo/src/cairo-image-surface.c
libCairo/src/cairo-lzw.c
libCairo/src/cairo-matrix.c
libCairo/src/cairo-meta-surface.c
libCairo/src/cairo-mutex.c
libCairo/src/cairo-operator.c
libCairo/src/cairo-os2-surface.c
libCairo/src/cairo-output-stream.c
libCairo/src/cairo-paginated-surface.c
libCairo/src/cairo-path-bounds.c
libCairo/src/cairo-path-fill.c
libCairo/src/cairo-path-fixed.c
libCairo/src/cairo-path-stroke.c
libCairo/src/cairo-path.c
libCairo/src/cairo-pattern.c
libCairo/src/cairo-pdf-surface.c
libCairo/src/cairo-pen.c
libCairo/src/cairo-png.c
libCairo/src/cairo-polygon.c
libCairo/src/cairo-ps-surface.c
libCairo/src/cairo-quartz-surface.c
libCairo/src/cairo-rectangle.c
libCairo/src/cairo-region.c
libCairo/src/cairo-scaled-font-subsets.c
libCairo/src/cairo-scaled-font.c
libCairo/src/cairo-skiplist.c
libCairo/src/cairo-slope.c
libCairo/src/cairo-spline.c
libCairo/src/cairo-stroke-style.c
libCairo/src/cairo-surface-fallback.c
libCairo/src/cairo-surface.c
libCairo/src/cairo-svg-surface.c
libCairo/src/cairo-traps.c
libCairo/src/cairo-truetype-subset.c
libCairo/src/cairo-type1-fallback.c
libCairo/src/cairo-type1-subset.c
libCairo/src/cairo-unicode.c
libCairo/src/cairo-wideint.c
libCairo/src/cairo-win32-font.c
libCairo/src/cairo-win32-surface.c
libCairo/src/cairo-xcb-surface.c
libCairo/src/cairo-xlib-display.c
libCairo/src/cairo-xlib-screen.c
libCairo/src/cairo-xlib-surface.c
libCairo/src/cairo.c
libCairo/src/test-fallback-surface.c
libCairo/src/test-meta-surface.c
libCairo/src/test-paginated-surface.c
